<?xml version="1.0" encoding="UTF-8"?>
<testng-results ignored="0" total="1" passed="1" failed="0" skipped="0">
  <reporter-output>
  </reporter-output>
  <suite started-at="2024-10-22T18:13:29 IST" name="Default suite" finished-at="2024-10-22T18:14:03 IST" duration-ms="34296">
    <groups>
    </groups>
    <test started-at="2024-10-22T18:13:29 IST" name="Default test" finished-at="2024-10-22T18:14:03 IST" duration-ms="34296">
      <class name="extent.rep_class">
        <test-method is-config="true" signature="bt()[pri:0, instance:extent.rep_class@27ae2fd0]" started-at="2024-10-22T18:13:29 IST" name="bt" finished-at="2024-10-22T18:13:36 IST" duration-ms="7340" status="PASS">
          <reporter-output>
          </reporter-output>
        </test-method> <!-- bt -->
        <test-method signature="login()[pri:0, instance:extent.rep_class@27ae2fd0]" started-at="2024-10-22T18:13:36 IST" name="login" finished-at="2024-10-22T18:14:02 IST" duration-ms="26376" status="PASS">
          <reporter-output>
          </reporter-output>
        </test-method> <!-- login -->
        <test-method is-config="true" signature="at()[pri:0, instance:extent.rep_class@27ae2fd0]" started-at="2024-10-22T18:14:02 IST" name="at" finished-at="2024-10-22T18:14:03 IST" duration-ms="538" status="PASS">
          <reporter-output>
          </reporter-output>
        </test-method> <!-- at -->
      </class> <!-- extent.rep_class -->
    </test> <!-- Default test -->
  </suite> <!-- Default suite -->
</testng-results>
